SITLIST Format  Version 2003.07.31
#
# 505 IGS stations
# Source: https://files.igs.org/pub/station/general/IGSNetwork.csv
# Last time updated: 2021.08.06
#
# Name   X-coordinate Y-coordinate Z-coordinate Date_beg   Date_end   T Alt. name Comment     CDP
#
ABMF      2919789.479 -5383743.812  1774604.290 begin      end        G           network 298.4725   16.2623   -25.0000
ABPO      4097217.733  4429118.353 -2065770.727 begin      end        G           network  47.2292  -19.0183  1552.9923
ACRG      6347491.377   -22944.899   622822.477 begin      end        G           Taken on 2021.08.06
ADIS      4913653.523  3945922.721   995379.425 begin      end        G           network  38.7663    9.0351  2439.1540
AGGO      2765122.098 -4449250.084 -3626405.340 begin      end        G           Taken on 2021.08.06
AIRA     -3530185.491  4118797.332  3344036.963 begin      end        G           ITRF2008
AJAC      4696989.436   723994.469  4239678.545 begin      end        G           ITRF2008
ALBH     -2341332.952 -3539049.510  4745791.324 begin      end        G           ITRF2008
ALGO       918129.374 -4346071.263  4561977.857 begin      end        G           ITRF2008
ALIC     -4052052.148  4212836.068 -2545105.400 begin      end        G           ITRF2008
ALRT       388042.696  -740382.386  6302001.873 begin      end        G           ITRF2008
AMC4     -1248596.405 -4819428.210  3976505.930 begin      end        G           Taken on 2021.08.06
ANKR      4121948.525  2652187.902  4069023.756 begin      end        G           ITRF2008
ANMG     -1270826.870  6242631.446   307792.439 begin      end        G           Taken on 2021.08.06
ANTC      1608539.568 -4816369.714 -3847798.531 begin      end        G           ITRF2008
AREG      1942817.016 -5804077.694 -1796881.954 begin      end        G           network 288.5071  -16.4654  2489.3370
AREQ      1942826.198 -5804070.315 -1796894.263 begin      end        G           ITRF2008
ARHT     -1312626.536   311171.129 -6213081.915 begin      end        G           Taken on 2021.08.06
ARTU      1843956.719  3016203.112  5291261.735 begin      end        G           ITRF2008
ARUC      3500416.593  3390434.165  4103026.278 begin      end        G           network  44.0856   40.2857  1222.0000
ASCG      6121151.549 -1563978.924  -872615.356 begin      end        G           Taken on 2021.08.06
ASPA     -6100260.051  -996503.450 -1567977.852 begin      end        G           ITRF2008
ATRU      2679051.858  3423332.414  4651652.390 begin      end        G           Taken on 2021.08.06
AUCK     -5105681.175   461564.031 -3782181.482 begin      end        G           ITRF2008
BADG      -838282.873  3865777.537  4987624.233 begin      end        G           network 102.2350   51.7697   811.4000
BAIE      1546826.011 -3879766.467  4804183.139 begin      end        G           network 291.7367   49.1868    27.5000
BAKE      -289833.988 -2756501.059  5725162.246 begin      end        G           ITRF2008
BAKO     -1836969.128  6065617.086  -716257.810 begin      end        G           ITRF2008
BAMF     -2420722.558 -3439858.468  4778530.871 begin      end        G           network 234.8649   48.8353    11.1000
BARH      1693644.842 -4239067.565  4439567.236 begin      end        G           ITRF2008
BELE      4228139.050 -4772752.080  -155761.380 begin      end        G           Taken on 2021.08.06
BHR3      3633910.660  4425277.759  2799862.907 begin      end        G           Taken on 2021.08.06
BHR4      3633910.660  4425277.759  2799862.907 begin      end        G           Taken on 2021.08.06
BIK0      1249004.606  4513920.354  4316151.438 begin      end        G           network  74.5332   42.8542   749.2000
BILL     -2420421.786 -4737133.861  3507823.676 begin      end        G           network 242.9354   33.5782   470.0600
BJCO      6333076.133   270971.098   704555.963 begin      end        G           network   2.4500    6.3847    30.7000
BJFS     -2148744.083  4426641.273  4044655.927 begin      end        G           ITRF2008
BJNM     -2154289.268  4373449.225  4098889.676 begin      end        G           network 116.2241   40.2453   118.6000
BLYT     -2223206.701 -4830299.795  3510587.615 begin      end        G           ITRF2008
BNOA     -2685307.312  5704010.059  -963466.483 begin      end        G           network 115.2099   -8.7465    39.0560
BOAV      3117452.210 -5555487.820   314480.740 begin      end        G           Taken on 2021.08.06
BOGI      3633815.027  1397452.915  5035281.516 begin      end        G           network  21.0352   52.4750   139.9000
BOGT      1744399.026 -6116037.502   512731.724 begin      end        G           ITRF2008
BOR1      3738358.454  1148173.710  5021815.773 begin      end        G           ITRF2008
BRAZ      4115014.074 -4550641.559 -1741443.951 begin      end        G           ITRF2008
BREW     -2112007.145 -3705351.825  4726827.147 begin      end        G           ITRF2008
BRFT      4985393.528 -3954993.412  -428426.704 begin      end        G           ITRF2008
BRMG      4245557.100   568958.100  4710200.000 begin      end        G           Taken on 2021.08.06
BRMU      2304703.476 -4874817.177  3395186.950 begin      end        G           ITRF2008
BRST      4231162.576  -332746.678  4745130.921 begin      end        G           ITRF2008
BRUN     -2680694.374  5761268.529   549016.773 begin      end        G           Taken on 2021.08.06
BRUX      4027878.268   307000.863  4919501.612 begin      end        G           network   4.3586   50.7981   158.3000
BSHM      4395951.486  3080707.061  3433498.033 begin      end        G           ITRF2008
BTNG     -3674582.886  5210906.675   159090.820 begin      end        G           network 125.1904    1.4389    74.9930
BUCU      4093760.865  2007793.809  4445129.975 begin      end        G           ITRF2008
BZR2      4312893.060   864794.520  4603598.270 begin      end        G           Taken on 2021.08.06
CAGS      1096349.055 -4335060.608  4533255.202 begin      end        G           ITRF2008
CAS1      -901776.153  2409383.344 -5816748.447 begin      end        G           ITRF2008
CCJ2     -4490604.950  3483897.959  2884925.065 begin      end        G           network 142.1950   27.0675   104.2140
CEBR      4846667.361  -370190.913  4116927.040 begin      end        G           network 355.6322   40.4534   775.8000
CEDU     -3753472.567  3912741.002 -3347960.451 begin      end        G           ITRF2008
CGGN      6201032.627   995276.000  1113816.124 begin      end        G           network   9.1183   10.1231   916.6953
CHAN     -2674427.231  3757143.218  4391521.671 begin      end        G           ITRF2008
CHIL     -2478003.248 -4655349.087  3577932.267 begin      end        G           ITRF2008
CHOF     -3946221.429  3366688.731  3698967.680 begin      end        G           network 139.5311   35.6745    93.9000
CHPG      4163474.085 -4163822.898 -2444513.913 begin      end        G           network 314.9976  -22.6823   566.2500
CHPI      4164613.877 -4162456.875 -2445028.798 begin      end        G           ITRF2008
CHTI     -4607853.884  -272376.914 -4386956.562 begin      end        G           network 183.3829  -43.7355    75.7000
CHUM      1228950.791  4508079.910  4327868.502 begin      end        G           ITRF2008
CHUR      -236438.857 -3307616.835  5430049.229 begin      end        G           ITRF2008
CHWK     -2215257.149 -3543996.235  4802095.074 begin      end        G           network 237.9916   49.1566   170.0000
CIBG     -1837002.630  6065627.360  -716183.272 begin      end        G           Taken on 2021.08.06
CIT1     -2491490.157 -4660803.297  3559128.956 begin      end        G           ITRF2008
CKIS     -5583182.157 -2054143.546 -2292166.707 begin      end        G           ITRF2008
CKSV     -2956619.190  5075902.172  2476625.546 begin      end        G           Taken on 2021.08.06
CMP9     -2508506.054 -4637174.869  3579499.904 begin      end        G           ITRF2008
CMUM      -938078.387  5968373.965  2038404.323 begin      end        G           Taken on 2021.08.06
CNMR     -5087757.900  3465028.861  1664653.693 begin      end        G           ITRF2008
COCO      -741950.401  6190961.642 -1337768.168 begin      end        G           ITRF2008
CORD      2345503.876 -4910842.834 -3316365.347 begin      end        G           ITRF2008
COSO     -2411148.245 -4571430.271  3727461.451 begin      end        G           ITRF2008
COTE     -1285757.417   417822.492 -6214230.847 begin      end        G           Taken on 2021.08.06
COYQ      1391587.197 -4255574.470 -4527925.941 begin      end        G           ITRF2008
CPNM     -1020874.496  6183763.086  1179096.215 begin      end        G           Taken on 2021.08.06
CPVG      5626883.686 -2380928.794  1824487.892 begin      end        G           network 337.0651   16.7321    94.0890
CRAO      3783897.106  2551404.417  4441264.284 begin      end        G           ITRF2008
CRFP     -2410446.862 -4710487.009  3550426.895 begin      end        G           network 242.9003   34.0391   688.8200
CRO1      2607771.217 -5488076.695  1932767.788 begin      end        G           ITRF2008
CUSV     -1132912.873  6092531.080  1504632.115 begin      end        G           network 100.5339   13.7359    76.0600
CUT0     -2364337.094  4870284.938 -3360810.877 begin      end        G           network 115.8948  -32.0039    24.0000
CUUT     -1132915.824  6092526.351  1504641.505 begin      end        G           Taken on 2021.08.06
CYNE      3880933.000 -5033206.000   532565.000 begin      end        G           Taken on 2021.08.06
CZTG      2719993.570  3463393.265 -4598613.198 begin      end        G           network  51.8555  -46.4319   202.8000
DAE2     -3120042.274  4084614.722  3764026.818 begin      end        G           Taken on 2021.08.06
DAEJ     -3120041.975  4084614.873  3764026.916 begin      end        G           ITRF2008
DAKR      5886532.583 -1849185.207  1610296.439 begin      end        G           network 342.5605   14.7212    51.0000
DARW     -4091359.076  4684606.631 -1408580.000 begin      end        G           ITRF2008
DAV1       486854.559  2285099.263 -5914955.689 begin      end        G           ITRF2008
DEAR      5017619.191  2233211.531 -3234695.472 begin      end        G           network  23.9926  -30.6652  1321.7000
DGAR      1916269.419  6029977.455  -801719.904 begin      end        G           ITRF2008
DHLG     -2319097.084 -4799847.960  3490089.879 begin      end        G           network 244.2120   33.3898   -83.0500
DJIG      4583083.303  4250985.161  1266244.405 begin      end        G           network  42.8471   11.5263   711.4090
DLF1      3924698.302   301127.785  5001902.596 begin      end        G           network   4.3875   51.9860    74.2000
DLTV     -1978879.097  5920511.651  1311808.340 begin      end        G           Taken on 2021.08.06
DRAG      4432980.651  3149432.087  3322110.460 begin      end        G           ITRF2008
DRAO     -2059164.803 -3621108.394  4814432.330 begin      end        G           ITRF2008
DUBO      -417603.689 -4064529.796  4881432.161 begin      end        G           ITRF2008
DUMG     -1940884.000  1628468.000 -5833720.000 begin      end        G           Taken on 2021.08.06
DUND     -4388118.149   726668.572 -4556536.173 begin      end        G           network 170.5972  -45.8837   386.9000
DYNG      4595218.310  2039430.058  3912630.062 begin      end        G           network  23.9324   38.0786   510.5690
EBRE      4833520.152    41537.108  4147461.549 begin      end        G           ITRF2008
EIL3     -2296304.083 -1484805.898  5743078.376 begin      end        G           Taken on 2021.08.06
EIL4     -2296304.083 -1484805.898  5743078.376 begin      end        G           Taken on 2021.08.06
ENAO      4375732.153 -2329166.814  4000238.281 begin      end        G           Taken on 2021.08.06
EPRT      1768544.559 -4164839.441  4480190.418 begin      end        G           ITRF2008
ESCU      1852955.382 -3937498.730  4647314.319 begin      end        G           network 295.2013   47.0734   -16.0200
FAA1     -5247393.026 -3076867.198 -1911521.517 begin      end        G           ITRF2008
FAIR     -2281621.639 -1453595.889  5756961.814 begin      end        G           ITRF2008
FALE     -6134111.933  -862144.853 -1514974.443 begin      end        G           ITRF2008
FALK      2106807.218 -3355168.338 -4981789.612 begin      end        G           network 302.1259  -51.6937    50.8407
FFMJ      4053453.672   617731.716  4869397.253 begin      end        G           network   8.6650   50.0906   178.2000
FLIN      -766174.561 -3611375.319  5184056.228 begin      end        G           ITRF2008
FLRS      4221531.505 -2549244.325  4031395.039 begin      end        G           network 328.8736   39.4538    79.9000
FRDN      1760621.772 -4080078.805  4560140.113 begin      end        G           network 293.3410   45.9330    95.9000
FTNA     -6178322.370  -202699.919 -1566024.128 begin      end        G           network 181.8791  -14.3078    84.8590
FUNC      5143342.521 -1563412.183  3421187.126 begin      end        G           network 343.0924   32.6479    78.5000
GAMB     -4147126.808 -4152222.145 -2490033.108 begin      end        G           Taken on 2021.08.06
GAMG     -3191598.000  4096876.000  3691823.000 begin      end        G           Taken on 2021.08.06
GANP      3929182.997  1455234.493  4793652.279 begin      end        G           network  20.3229   49.0347   745.2000
GCGO     -2281621.630 -1453585.114  5756964.952 begin      end        G           Taken on 2021.08.06
GENO      4507892.319   707621.483  4441603.515 begin      end        G           ITRF2008
GLPS       -33801.657 -6377516.520   -82154.386 begin      end        G           ITRF2008
GLSV      3512888.954  2068979.881  4888903.201 begin      end        G           ITRF2008
GODE      1130773.747 -4831253.570  3994200.426 begin      end        G           ITRF2008
GODN      1130760.016 -4831297.454  3994157.104 begin      end        G           network 283.1729   39.0212    18.0000
GODS      1083287.443 -4841189.541  3995330.684 begin      end        G           network 282.6130   39.0348    19.1000
GODZ      1130776.730 -4831254.864  3994198.031 begin      end        G           network 283.1732   39.0217    14.5090
GOL2     -2353617.091 -4641380.774  3676980.399 begin      end        G           network 243.1107   35.4252   986.6779
GOLD     -2353614.319 -4641385.329  3676976.430 begin      end        G           ITRF2008
GOP6      3979316.930  1050311.028  4857066.753 begin      end        G           network  14.7856   49.9137   592.6000
GOP7      3979316.942  1050311.032  4857066.768 begin      end        G           network  14.7856   49.9137   592.6200
GOPE      3979316.126  1050312.477  4857067.103 begin      end        G           ITRF2008
GRAC      4581707.199   556135.215  4389342.027 begin      end        G           network   6.9208   43.7545  1319.8000
GRAS      4581690.900   556114.836  4389360.797 begin      end        G           ITRF2008
GRAZ      4194423.817  1162702.695  4647245.414 begin      end        G           ITRF2008
GUAM     -5071312.737  3568363.548  1488904.336 begin      end        G           ITRF2008
GUAO       228379.011  4631946.914  4367028.482 begin      end        G           ITRF2008
GUAT       -56063.582 -6174978.670  1596665.267 begin      end        G           ITRF2008
GUUG     -5070465.249  3576460.234  1472093.785 begin      end        G           ITRF2008
HAL1     -5466017.945 -2404394.655  2242210.248 begin      end        G           Taken on 2021.08.06
HAMD      3469898.018  3926741.412  3626961.147 begin      end        G           Taken on 2021.08.06
HARB      5084657.627  2670325.112 -2768481.143 begin      end        G           ITRF2008
HERS      4033470.107    23672.890  4924301.313 begin      end        G           ITRF2008
HERT      4033460.920    23537.800  4924318.255 begin      end        G           ITRF2008
HKSL     -2393382.414  5393861.187  2412592.401 begin      end        G           Taken on 2021.08.06
HKWS     -2430579.004  5374285.676  2418956.331 begin      end        G           Taken on 2021.08.06
HLFX      2018905.777 -4069070.502  4462415.420 begin      end        G           ITRF2008
HNLC     -5506798.738 -2240049.536  2302720.420 begin      end        G           ITRF2008
HNPT      1196626.342 -4846358.492  3956723.114 begin      end        G           ITRF2008
HNUS      4973169.446  1734089.335 -3585431.286 begin      end        G           network  19.2231  -34.4246    63.0000
HOB2     -3950071.671  2522415.249 -4311638.027 begin      end        G           ITRF2008
HOFN      2679689.979  -727951.223  5722789.302 begin      end        G           ITRF2008
HOLB     -2503040.519 -3188233.315  4908701.500 begin      end        G           ITRF2008
HOLM      -983071.987 -1867623.649  5998639.553 begin      end        G           ITRF2008
HOLP     -2500949.647 -4670473.844  3539496.872 begin      end        G           network 241.8318   33.9245    -6.7100
HRAG      5085417.347  2668228.337 -2768757.982 begin      end        G           network  27.6852  -25.8904  1407.3800
HRAO      5085352.455  2668395.836 -2768731.533 begin      end        G           ITRF2008
HUEG      4251967.190   567046.532  4704704.986 begin      end        G           network   7.5962   47.8339   278.4000
HYDE      1208444.585  5966806.025  1897076.883 begin      end        G           ITRF2008
IENG      4476537.409   600431.429  4488761.333 begin      end        G           ITRF2008
IISC      1337936.462  6070317.102  1427876.792 begin      end        G           ITRF2008
INEG     -1260435.678 -5788547.261  2360340.088 begin      end        G           ITRF2008
INVK     -1628432.112 -1714393.051  5903844.704 begin      end        G           ITRF2008
IQAL      1035999.590 -2631452.271  5697821.447 begin      end        G           network 291.4895   63.7560    91.7000
IQQE      2034208.470 -5629172.326 -2196141.883 begin      end        G           ITRF2008
IRKJ      -968328.578  3794426.524  5018167.265 begin      end        G           ITRF2008
IRKM      -968330.245  3794428.149  5018166.046 begin      end        G           network 104.3162   52.2190   502.3170
IRKT      -968332.392  3794425.410  5018167.738 begin      end        G           ITRF2008
ISBA      3808365.737  3734430.621  3485692.064 begin      end        G           network  44.4384   33.3414    72.4000
ISHI     -3959648.754  3296836.337  3747005.576 begin      end        G           Taken on 2021.08.06
ISPA     -1881703.659 -5359979.720 -2890599.234 begin      end        G           ITRF2008
ISTA      4208830.305  2334850.301  4171267.252 begin      end        G           ITRF2008
IZMI      4456584.236  2278765.506  3939930.889 begin      end        G           Taken on 2021.08.06
JCTW      5023564.462  1677795.751 -3542025.865 begin      end        G           Taken on 2021.08.06
JFNG     -2279826.373  5004705.532  3219780.758 begin      end        G           network 114.4910   30.5156    71.3240
JNAV     -1626346.470  5730605.790  2271881.480 begin      end        G           Taken on 2021.08.06
JOG2     -2200208.087  5924895.627  -855929.233 begin      end        G           Taken on 2021.08.06
JOZ2      3664880.572  1409190.591  5009618.474 begin      end        G           ITRF2008
JOZE      3664940.165  1409153.864  5009571.390 begin      end        G           ITRF2008
JPLM     -2493304.428 -4655215.248  3565497.475 begin      end        G           ITRF2008
JPRE      5064032.232  2724721.054 -2752950.721 begin      end        G           Taken on 2021.08.06
KARR     -2713832.611  5303935.100 -2269514.573 begin      end        G           ITRF2008
KAT1     -4147415.716  4581460.946 -1573359.606 begin      end        G           network 132.1533  -14.3760   184.4760
KERG      1406337.277  3918161.106 -4816167.355 begin      end        G           ITRF2008
KGNI     -3941949.149  3368156.340  3702214.841 begin      end        G           ITRF2008
KHAR      3312984.330  2428203.438  4863307.827 begin      end        G           ITRF2008
KIR0      2248121.426   865684.186  5886426.640 begin      end        G           network  21.0602   67.8776   497.9000
KIR8      2248131.104   865687.913  5886422.532 begin      end        G           network  21.0602   67.8775   498.0000
KIRI     -6327822.457   785604.170   149769.088 begin      end        G           ITRF2008
KIRU      2251420.790   862817.219  5885476.705 begin      end        G           ITRF2008
KIT3      1944945.139  4556652.244  4004326.007 begin      end        G           ITRF2008
KITG      1944879.726  4556783.770  4004205.937 begin      end        G           Taken on 2021.08.06
KMNM     -2761837.856  5110347.148  2625150.868 begin      end        G           Taken on 2021.08.06
KOKB     -5543838.187 -2054586.750  2387809.964 begin      end        G           ITRF2008
KOKV     -5543835.877 -2054588.968  2387813.828 begin      end        G           network 200.3351   22.1263  1167.5216
KOS1      3899613.948   397361.592  5014738.666 begin      end        G           Taken on 2021.08.06
KOST      1701038.957  3427939.442  5085671.495 begin      end        G           Taken on 2021.08.06
KOUC     -5751222.799  1617967.511 -2225743.863 begin      end        G           ITRF2008
KOUG      3855258.774 -5049735.125   563043.631 begin      end        G           network 307.3602    5.0985   107.2480
KOUR      3839591.391 -5059567.562   579957.047 begin      end        G           ITRF2008
KRGG      1406337.843  3918157.897 -4816169.712 begin      end        G           network  70.2555  -49.3515    72.9673
KRS1      3542999.668  3314720.171  4129002.589 begin      end        G           Taken on 2021.08.06
KUJ2       773263.380 -3557025.200  5219841.770 begin      end        G           Taken on 2021.08.06
KZN2      2352347.182  2717463.404  5251460.332 begin      end        G           network  49.1192   55.7908    94.6000
LAE1     -5312857.136  3451107.906  -736322.473 begin      end        G           ITRF2008
LAMA      3524522.923  1329693.628  5129846.353 begin      end        G           ITRF2008
LAUT     -6075194.500   270924.000 -1917189.600 begin      end        G           Taken on 2021.08.06
LBCH     -2507798.659 -4676369.671  3526890.740 begin      end        G           ITRF2008
LCK3       894679.656  5620591.893  2869573.079 begin      end        G           network  80.9556   26.9122    64.1650
LCK4       894680.446  5620596.861  2869563.206 begin      end        G           network  80.9556   26.9121    64.1821
LEIJ      3898734.698   855345.021  4958373.809 begin      end        G           network  12.3741   51.3540   178.4000
LHAZ      -106941.443  5549269.879  3139215.009 begin      end        G           ITRF2008
LICC      3978703.569   -12141.038  4968417.218 begin      end        G           Taken on 2021.08.06
LLAG      5384905.301 -1576768.563  3023831.293 begin      end        G           network 343.6793   28.4817   622.8200
LMMF      2993385.391 -5399365.638  1596746.280 begin      end        G           network 299.0038   14.5948   -27.0000
LPAL      5326646.269 -1719826.253  3052043.697 begin      end        G           ITRF2008
LPGS      2780102.995 -4437418.918 -3629404.505 begin      end        G           ITRF2008
LROC      4424632.565   -94175.229  4577544.083 begin      end        G           ITRF2008
M0SE      4642432.742  1028633.021  4236853.121 begin      end        G           network  12.4933   41.8931   120.6000
MAC1     -3464038.609  1334172.918 -5169224.174 begin      end        G           ITRF2008
MAD2      4849199.429  -360332.235  4114916.433 begin      end        G           network 355.7503   40.4292   829.5000
MADR      4849202.371  -360328.967  4114913.202 begin      end        G           ITRF2008
MAG0     -2825810.299  1581232.932  5477005.449 begin      end        G           ITRF2008
MAJU     -6257572.506   950332.366   785215.156 begin      end        G           Taken on 2021.08.06
MAL2      4865396.569  4110705.599  -331131.544 begin      end        G           network  40.1940   -2.9960   -20.4000
MANA       407981.838 -6222925.713  1333528.967 begin      end        G           ITRF2008
MAR6      2998189.414   931451.777  5533398.681 begin      end        G           ITRF2008
MAR7      2998195.004   931446.255  5533395.270 begin      end        G           network  17.2584   60.5951    74.3000
MARS      4630532.763   433946.308  4350142.730 begin      end        G           ITRF2008
MAS1      5439192.214 -1522055.482  2953454.856 begin      end        G           ITRF2008
MAT1      4641951.448  1393053.660  4133280.862 begin      end        G           ITRF2008
MATE      4641949.553  1393045.423  4133287.465 begin      end        G           ITRF2008
MATG      4641953.035  1393063.547  4133279.589 begin      end        G           Taken on 2021.08.06
MAUI     -5466068.882 -2404328.073  2242127.442 begin      end        G           ITRF2008
MAW1      1111287.178  2168911.245 -5874493.588 begin      end        G           ITRF2008
MAYG      4379100.094  4418747.335 -1401902.988 begin      end        G           network  45.2582  -12.7821   -16.3500
MBAR      5482951.314  3260442.547   -66519.877 begin      end        G           ITRF2008
MCHL     -4857858.740  3018464.424 -2814983.502 begin      end        G           Taken on 2021.08.06
MCIL     -5227188.125  2551880.353  2607617.931 begin      end        G           ITRF2008
MCM4     -1311703.167   310815.007 -6213255.105 begin      end        G           ITRF2008
MDO1     -1329998.774 -5328393.360  3236504.154 begin      end        G           ITRF2008
MDVJ      2845456.081  2160954.245  5265993.230 begin      end        G           ITRF2008
MEDI      4461400.740   919593.581  4449504.768 begin      end        G           ITRF2008
MELI      5205631.114  -268406.281  3663431.858 begin      end        G           network 357.0484   35.2812    93.0000
MERS      4239149.446  2886967.945  3778877.023 begin      end        G           Taken on 2021.08.06
MET3      2892583.975  1311799.563  5512619.854 begin      end        G           Taken on 2021.08.06
METG      2890648.989  1310295.498  5513960.703 begin      end        G           network  24.3842   60.2420    59.6720
METS      2892570.788  1311843.445  5512634.137 begin      end        G           ITRF2008
MFKG      5185374.876  2477742.087 -2760199.525 begin      end        G           network  25.5400  -25.8050  1310.9000
MGUE      1823331.481 -4850355.001 -3709081.198 begin      end        G           network 290.6021  -35.7773  1554.1500
MIKL      3698553.985  2308676.003  4639769.494 begin      end        G           ITRF2008
MIZU     -3857167.587  3108694.980  4004041.685 begin      end        G           ITRF2008
MKEA     -5464105.193 -2495166.375  2148291.196 begin      end        G           ITRF2008
MOBJ      2936423.846  2178372.372  5208859.515 begin      end        G           network  36.5697   55.1149   182.6079
MOBK      2936423.846  2178372.372  5208859.515 begin      end        G           network  36.5697   55.1149   182.6079
MOBN      2936432.057  2178364.553  5208858.249 begin      end        G           ITRF2008
MOBS     -4130636.166  2894953.082 -3890530.923 begin      end        G           ITRF2008
MOIU      5207812.037  3685972.026    31889.509 begin      end        G           network  35.2900    0.2883  2201.5321
MONP     -2386247.081 -4802359.385  3444902.247 begin      end        G           ITRF2008
MORP      3645667.836  -107277.235  5215053.530 begin      end        G           ITRF2008
MQZG     -4580569.615   590465.625 -4384380.003 begin      end        G           ITRF2008
MRC1      1092811.820 -4877221.971  3948968.109 begin      end        G           Taken on 2021.08.06
MRL1     -4749991.001   520984.518 -4210604.147 begin      end        G           Taken on 2021.08.06
MRL2     -4749991.001   520984.518 -4210604.147 begin      end        G           Taken on 2021.08.06
MRO1     -2556631.362  5097139.565 -2848381.342 begin      end        G           network 116.6375  -26.6966   354.0690
MTKA     -3947762.690  3364399.836  3699428.472 begin      end        G           ITRF2008
MTV1      2914536.977 -4349790.287 -3630033.464 begin      end        G           Taken on 2021.08.06
MTV2      2914536.977 -4349790.287 -3630033.464 begin      end        G           Taken on 2021.08.06
NAIN      1671836.644 -3103473.294  5297671.213 begin      end        G           ITRF2008
NANO     -2335726.812 -3451608.328  4812009.944 begin      end        G           ITRF2008
NAUR     -6212555.132  1442786.687   -61006.755 begin      end        G           ITRF2008
NCKU     -2956913.107  5075881.930  2476417.112 begin      end        G           Taken on 2021.08.06
NICO      4359415.713  2874117.066  3650777.829 begin      end        G           ITRF2008
NIST     -1288397.376 -4721694.882  4078628.279 begin      end        G           network 254.7374   39.9951  1648.4880
NIUM     -5937159.040 -1054672.061 -2071394.150 begin      end        G           network 190.0729  -19.0766    90.1000
NKLG      6287385.768  1071574.530    39132.905 begin      end        G           ITRF2008
NLIB      -130934.603 -4762291.721  4226854.651 begin      end        G           ITRF2008
NNOR     -2414151.671  4907778.503 -3270644.958 begin      end        G           ITRF2008
NOT1      4934546.226  1321265.012  3806456.123 begin      end        G           ITRF2008
NOVM       452260.314  3635877.683  5203453.175 begin      end        G           network  82.9095   55.0305   149.9800
NRC1      1112777.196 -4341475.848  4522955.817 begin      end        G           ITRF2008
NRIL        64537.191  2253782.862  5946363.499 begin      end        G           ITRF2008
NRMD     -5743537.797  1380504.117 -2397896.655 begin      end        G           ITRF2008
NTUS     -1508022.855  6195576.621   148799.444 begin      end        G           ITRF2008
NVSK       433605.580  3655558.528  5191286.700 begin      end        G           ITRF2008
NYA1      1202433.844   252632.289  6237772.591 begin      end        G           ITRF2008
NYA2      1209870.821   254298.225  6236276.710 begin      end        G           network  11.8700   78.8600    84.2000
NYAL      1202430.533   252626.709  6237767.615 begin      end        G           ITRF2008
OAK1      4011440.890   -63375.739  4941877.084 begin      end        G           Taken on 2021.08.06
OAK2      4011440.890   -63375.739  4941877.084 begin      end        G           Taken on 2021.08.06
OBE4      4186704.179   834906.811  4723664.423 begin      end        G           network  11.2779   48.0848   650.5000
OHI2      1525811.869 -2432478.218 -5676165.580 begin      end        G           ITRF2008
OHI3      1525809.038 -2432478.735 -5676166.263 begin      end        G           ITRF2008
ONS1      3370670.465   711817.136  5349786.009 begin      end        G           network  11.9245   57.3953    44.4000
ONSA      3370658.542   711877.138  5349786.952 begin      end        G           ITRF2008
OP71      4202779.735   171370.766  4778660.650 begin      end        G           Taken on 2021.08.06
OPMT      4202777.371   171367.999  4778660.203 begin      end        G           ITRF2008
ORID      4498451.690  1708266.983  4173591.867 begin      end        G           ITRF2008
OSN3     -3068340.810  4066863.981  3824757.006 begin      end        G           Taken on 2021.08.06
OSN4     -3068340.810  4066863.981  3824757.006 begin      end        G           Taken on 2021.08.06
OUS2     -4387890.829   733420.405 -4555176.342 begin      end        G           ITRF2008
OWMG     -4584394.106  -290931.996 -4410048.023 begin      end        G           Taken on 2021.08.06
PADO      4388882.024   924567.465  4519588.735 begin      end        G           ITRF2008
PALM      1192671.908 -2450887.612 -5747096.020 begin      end        G           ITRF2008
PARC      1255992.443 -3622975.124 -5079719.259 begin      end        G           ITRF2008
PARK     -4554254.655  2816652.460 -3454060.384 begin      end        G           ITRF2008
PDEL      4551595.957 -2186893.114  3883410.847 begin      end        G           ITRF2008
PEN2      4052439.148  1417691.107  4701416.009 begin      end        G           network  19.2817   47.7897   294.0000
PENC      4052449.476  1417681.128  4701407.112 begin      end        G           ITRF2008
PERT     -2368687.335  4881316.557 -3341795.731 begin      end        G           ITRF2008
PETS     -3580828.469  1399698.093  5072185.152 begin      end        G           ITRF2008
PGEN     -3650007.527  5187339.662   669409.452 begin      end        G           Taken on 2021.08.06
PICL       -11253.068 -3980586.688  4967210.249 begin      end        G           ITRF2008
PIE1     -1640916.901 -5014781.192  3575447.094 begin      end        G           ITRF2008
PIMO     -3186293.902  5286624.212  1601158.284 begin      end        G           ITRF2008
PIN1     -2369510.637 -4761206.984  3511396.250 begin      end        G           ITRF2008
PNGM     -5367943.135  3437431.283  -225885.953 begin      end        G           ITRF2008
POAL      3467519.400 -4300378.530 -3177517.730 begin      end        G           Taken on 2021.08.06
POHN     -5879158.686  2350291.820   767748.226 begin      end        G           ITRF2008
POL2      1239971.368  4530790.087  4302578.814 begin      end        G           ITRF2008
POLV      3411557.346  2348463.989  4834396.887 begin      end        G           ITRF2008
POTS      3800689.634   882077.386  5028791.318 begin      end        G           ITRF2008
POVE      2774267.848 -5662059.732  -959411.983 begin      end        G           network 296.1037   -8.7093   119.6000
PPPC     -3022676.471  5511839.403  1075517.567 begin      end        G           Taken on 2021.08.06
PRDS     -1659602.976 -3676725.760  4925493.546 begin      end        G           ITRF2008
PRE3      5066223.489  2719222.966 -2754406.543 begin      end        G           Taken on 2021.08.06
PRE4      5066223.489  2719222.966 -2754406.543 begin      end        G           Taken on 2021.08.06
PTAG     -3184322.530  5291064.544  1590413.758 begin      end        G           network 121.0408   14.5354    86.6300
PTBB      3844059.963   709661.316  5023129.559 begin      end        G           ITRF2008
PTGG     -3184365.633  5291038.885  1590414.082 begin      end        G           Taken on 2021.08.06
PTVL     -5950573.814  1230680.016 -1932013.512 begin      end        G           network 168.3150  -17.7494    86.4410
QAQ1      2170942.103 -2251829.964  5539988.347 begin      end        G           ITRF2008
QIKI      1069081.273 -2195214.192  5872519.015 begin      end        G           ITRF2008
QUI3      1272867.304 -6252772.044   -23801.759 begin      end        G           Taken on 2021.08.06
QUI4      1272867.304 -6252772.044   -23801.759 begin      end        G           Taken on 2021.08.06
QUIN     -2517231.157 -4198595.088  4076531.224 begin      end        G           ITRF2008
RABT      5255617.683  -631745.687  3546322.552 begin      end        G           ITRF2008
RAEG      4618477.733 -2166047.526  3816304.845 begin      end        G           Taken on 2021.08.06
RAMO      4514721.851  3133507.837  3228024.709 begin      end        G           ITRF2008
RBAY      4739765.791  2970758.290 -3054077.680 begin      end        G           ITRF2008
RCMN      5101047.555  3829111.752  -135035.431 begin      end        G           network  36.8938   -1.2210  1607.5400
RDSD      2078681.178 -5683736.413  2006886.909 begin      end        G           Taken on 2021.08.06
REDU      4091423.358   368380.588  4863179.807 begin      end        G           ITRF2008
RESO      -144107.589 -1683119.787  6129763.278 begin      end        G           ITRF2008
REUN      3364099.108  4907944.474 -2293466.855 begin      end        G           ITRF2008
REYK      2587384.301 -1043033.529  5716564.032 begin      end        G           ITRF2008
RGDG      1429873.414 -3495337.280 -5122720.456 begin      end        G           network 292.2485  -53.7858    32.3640
RIGA      3183899.192  1421478.489  5322810.797 begin      end        G           ITRF2008
RIO2      1429907.934 -3495352.033 -5122700.435 begin      end        G           network 292.2489  -53.7855    32.0000
RIOP      1255144.980 -6253609.435  -182569.821 begin      end        G           ITRF2008
ROAG      5105577.352  -555208.925  3769714.099 begin      end        G           Taken on 2021.08.06
ROCK     -2533216.949 -4631543.375  3568402.864 begin      end        G           network 241.3236   34.2357   553.3900
ROTH       909248.625 -2264761.872 -5873056.869 begin      end        G           network 291.8743  -67.5714    39.7930
SALU      4566946.066 -4443099.979  -286679.283 begin      end        G           network 315.7875   -2.5935    18.9000
SAMO     -6129702.248  -890029.343 -1516807.392 begin      end        G           ITRF2008
SANT      1769693.519 -5044574.161 -3468320.933 begin      end        G           ITRF2008
SASK     -1106129.696 -3758704.894  5016675.526 begin      end        G           ITRF2008
SAVO      4870281.530 -3864609.923 -1418867.562 begin      end        G           network 321.5677  -12.9392    76.3000
SBOK      5279493.672  1703113.688 -3139090.585 begin      end        G           network  17.8792  -29.6693  1043.1000
SCH2      1448636.767 -3385243.697  5191047.045 begin      end        G           ITRF2008
SCIP     -2556587.642 -4711013.805  3446241.527 begin      end        G           ITRF2008
SCOR      1982096.076  -798820.969  5989464.514 begin      end        G           ITRF2008
SCRZ      2743003.374 -5420746.351 -1937118.060 begin      end        G           network 296.8403  -17.7968   442.2000
SCTB     -1311028.800   308512.800 -6213390.900 begin      end        G           Taken on 2021.08.06
SCUB      1474538.091 -5811243.269  2168958.822 begin      end        G           ITRF2008
SEJN     -3110082.793  4082094.255  3775022.386 begin      end        G           network 127.3032   36.5222   181.1960
SEME       688306.417  4012382.787  4893725.828 begin      end        G           Taken on 2021.08.06
SEY2      3602867.339  5238179.381  -516268.073 begin      end        G           Taken on 2021.08.06
SEYG      3597839.303  5240882.745  -516777.583 begin      end        G           network  55.5306   -4.6787   -37.0850
SFDM     -2532676.408 -4615598.849  3588781.313 begin      end        G           ITRF2008
SFER      5105519.005  -555145.872  3769803.377 begin      end        G           ITRF2008
SGOC      1113277.465  6233644.416   760279.659 begin      end        G           network  79.8742    6.8921   -78.5000
SGPO      -667801.165 -5082858.388  3782394.883 begin      end        G           Taken on 2021.08.06
SHAO     -2831733.502  4675665.942  3275369.416 begin      end        G           ITRF2008
SHE2      1899508.373 -3991721.360  4582243.510 begin      end        G           network 295.4480   46.2207   -15.3000
SIN1     -1507968.413  6195615.016   148490.096 begin      end        G           network 103.6794    1.3430    92.5400
SMST     -3822374.316  3699354.980  3507589.920 begin      end        G           network 135.9370   33.5779    97.5360
SNI1     -2631346.787 -4646278.692  3477113.397 begin      end        G           ITRF2008
SOD3      2200149.224  1091650.850  5866868.645 begin      end        G           Taken on 2021.08.06
SOFI      4319372.089  1868687.782  4292063.938 begin      end        G           ITRF2008
SOLO     -5911340.124  2156887.299 -1038664.005 begin      end        G           Taken on 2021.08.06
SPK1     -2535991.832 -4642435.046  3552148.209 begin      end        G           ITRF2008
SPT0      3328984.527   761910.265  5369033.689 begin      end        G           ITRF2008
SPTU      3766121.361 -4567436.030 -2367321.993 begin      end        G           network 309.5076  -21.9291   508.7800
SSIA        95566.996 -6197785.583  1500590.536 begin      end        G           ITRF2008
STFU     -2700405.120 -4292605.484  3855136.782 begin      end        G           network 237.8267   37.4269    20.4100
STHL      6104818.814  -605823.255 -1740735.251 begin      end        G           network 354.3327  -15.9425   453.2900
STJ3      2612590.888 -3426822.585  4686771.103 begin      end        G           network 307.3217   47.5954   154.5150
STJO      2612631.092 -3426807.037  4686757.878 begin      end        G           ITRF2008
STK2     -3642161.222  2861487.873  4370351.369 begin      end        G           ITRF2008
STPM      2436208.256 -3634804.894  4624885.452 begin      end        G           Taken on 2021.08.06
STR1     -4467102.647  2683039.471 -3666949.433 begin      end        G           ITRF2008
STR2     -4467074.696  2683011.843 -3667007.730 begin      end        G           ITRF2008
SULP      3765296.991  1677559.204  4851297.409 begin      end        G           ITRF2008
SUTH      5041274.842  1916054.149 -3397075.936 begin      end        G           ITRF2008
SUTM      5041190.212  1916067.139 -3397189.397 begin      end        G           ITRF2008
SUWN     -3062022.865  4055448.012  3841818.272 begin      end        G           ITRF2008
SVTL      2730155.353  1562364.734  5529989.270 begin      end        G           ITRF2008
SYDN     -4648240.333  2560636.472 -3526318.474 begin      end        G           ITRF2008
SYOG      1766207.872  1460290.337 -5932297.671 begin      end        G           ITRF2008
TABL     -2448550.024 -4668099.135  3582740.994 begin      end        G           ITRF2008
TANA      4970747.778  3790687.113  1271109.038 begin      end        G           Taken on 2021.08.06
TASH      1695945.191  4487138.554  4190140.700 begin      end        G           ITRF2008
TCMS     -2982782.942  4966660.093  2658809.450 begin      end        G           ITRF2008
TDOU      5064841.558  2969623.989 -2485109.032 begin      end        G           network  30.3840  -23.0799   630.2000
TEHN      3240499.302  4049740.332  3701663.064 begin      end        G           ITRF2008
THTG     -5246411.789 -3077263.817 -1913846.196 begin      end        G           network 210.3936  -17.5771    97.9940
THTI     -5246415.521 -3077260.014 -1913842.208 begin      end        G           ITRF2008
THU2       538096.304 -1389092.516  6180977.972 begin      end        G           network 291.1750   76.5370    36.1000
TID1     -4460996.833  2682557.140 -3674442.948 begin      end        G           network 148.9800  -35.3992   665.4400
TIDB     -4460996.412  2682557.078 -3674443.319 begin      end        G           ITRF2008
TIT2      3993781.259   450204.863  4936136.425 begin      end        G           network   6.4316   51.0353   156.1000
TIXI     -1264873.191  1569455.782  6031003.428 begin      end        G           ITRF2008
TLSE      4627851.828   119640.020  4372993.552 begin      end        G           ITRF2008
TLSG      4628684.787   119997.126  4372110.337 begin      end        G           Taken on 2021.08.06
TNML     -2982779.125  4966662.630  2658805.719 begin      end        G           ITRF2008
TONG     -5930303.687  -500147.393 -2286366.180 begin      end        G           ITRF2008
TOPL      4174345.600 -4690236.730 -1118921.270 begin      end        G           Taken on 2021.08.06
TORP     -2517894.450 -4670259.973  3527827.577 begin      end        G           ITRF2008
TOW2     -5054582.941  3275504.338 -2091539.276 begin      end        G           ITRF2008
TRAK     -2480027.542 -4703114.280  3511295.466 begin      end        G           network 242.1966   33.6179   115.7000
TRO1      2102928.478   721619.454  5958196.252 begin      end        G           ITRF2008
TSK2     -3957184.106  3310231.704  3737703.964 begin      end        G           ITRF2008
TSKB     -3957199.248  3310199.704  3737711.661 begin      end        G           ITRF2008
TUBI      4211317.355  2377865.904  4144663.281 begin      end        G           ITRF2008
TUVA     -6307543.748    88454.389  -939278.073 begin      end        G           ITRF2008
TWTF     -2994428.142  4951309.241  2674496.848 begin      end        G           ITRF2008
UCAL     -1641941.039 -3664803.459  4940011.129 begin      end        G           network 245.8662   51.0800  1118.8000
UCLP     -2519007.129 -4650672.393  3552862.743 begin      end        G           ITRF2008
UCLU     -2440669.082 -3416437.074  4785136.834 begin      end        G           ITRF2008
UFPR      3763747.254 -4365115.665 -2724407.841 begin      end        G           network 310.7690  -25.4484   925.8000
ULAB     -1257408.540  4099404.344  4707992.624 begin      end        G           ITRF2008
ULDI      4796682.898  2930309.910 -3005434.062 begin      end        G           network  31.4209  -28.2931   607.9000
UNB3      1761288.782 -4078239.097  4561417.067 begin      end        G           network 293.3583   45.9502    22.8500
UNBD      1761306.260 -4078240.455  4561409.532 begin      end        G           network 293.3585   45.9501    23.1200
UNBJ      1761288.755 -4078239.033  4561416.995 begin      end        G           network 293.3583   45.9502    22.7500
UNBN      1761288.782 -4078239.097  4561417.067 begin      end        G           network 293.3583   45.9502    22.8500
UNSA      2412830.423 -5271936.728 -2652209.028 begin      end        G           ITRF2008
UNX2     -4644464.560  2549949.654 -3538932.514 begin      end        G           network 151.2319  -33.9178    87.0700
UNX3     -4644464.560  2549949.654 -3538932.514 begin      end        G           network 151.2319  -33.9178    87.0700
URAL      1716013.966  3047281.697  5316302.551 begin      end        G           Taken on 2021.08.06
URUM       193030.627  4606851.314  4393311.460 begin      end        G           ITRF2008
USN7      1112159.632 -4842852.823  3985499.977 begin      end        G           network 282.9337   38.9206    58.9240
USN8      1112162.138 -4842854.667  3985497.066 begin      end        G           Taken on 2021.08.06
USN9      1112162.138 -4842854.667  3985497.066 begin      end        G           Taken on 2021.08.06
USNO      1112189.773 -4842955.026  3985352.266 begin      end        G           ITRF2008
USP1     -6060627.284   164379.897 -1974093.219 begin      end        G           Taken on 2021.08.06
USUD     -3855263.016  3427432.542  3741020.301 begin      end        G           ITRF2008
UTQI     -1880399.921  -813136.698  6019921.573 begin      end        G           Taken on 2021.08.06
UZHL      3907587.455  1602428.695  4763783.762 begin      end        G           ITRF2008
VACS      3215949.404  5047446.167 -2198720.544 begin      end        G           network  57.4970  -20.2971   420.4000
VALD       919072.596 -4167763.346  4724326.704 begin      end        G           network 282.4358   48.0971   312.8000
VILL      4849833.695  -335049.025  4116014.939 begin      end        G           ITRF2008
VIS0      3246467.887  1077898.650  5365279.854 begin      end        G           network  18.3673   57.6539    79.8000
VNDP     -2678090.149 -4525437.376  3597431.715 begin      end        G           ITRF2008
VOIM      4054011.722  4316072.478 -2365223.853 begin      end        G           network  46.7933  -21.9063  1163.3000
WAB2      4327318.396   566955.740  4636425.774 begin      end        G           ITRF2008
WARK     -5115334.121   477885.177 -3767146.496 begin      end        G           network 174.6628  -36.4344   111.3000
WARN      3658785.798   784470.875  5147870.585 begin      end        G           ITRF2008
WDC5      1112158.868 -4842855.614  3985496.946 begin      end        G           Taken on 2021.08.06
WDC6      1112158.868 -4842855.614  3985496.946 begin      end        G           Taken on 2021.08.06
WES2      1492233.247 -4458089.489  4296046.035 begin      end        G           ITRF2008
WGTN     -4777269.484   434270.209 -4189484.410 begin      end        G           ITRF2008
WHC1     -2488199.223 -4673487.235  3544649.217 begin      end        G           ITRF2008
WHIT     -2218337.943 -2201205.114  5543057.538 begin      end        G           ITRF2008
WIDC     -2354850.555 -4745520.870  3540697.009 begin      end        G           network 243.6082   33.9348   445.0400
WILL     -2084258.142 -3313872.991  5019853.051 begin      end        G           ITRF2008
WIND      5633708.760  1732017.714 -2433985.770 begin      end        G           ITRF2008
WLSN     -2483640.837 -4660072.907  3568172.163 begin      end        G           ITRF2008
WROC      3835751.304  1177249.965  4941605.249 begin      end        G           ITRF2008
WSRT      3828735.863   443304.957  5064884.712 begin      end        G           ITRF2008
WTZ3      4075534.589   931820.102  4801609.898 begin      end        G           network  12.8786   49.1448   663.4000
WTZA      4075578.365   931852.802  4801570.034 begin      end        G           ITRF2008
WTZR      4075580.553   931853.797  4801568.136 begin      end        G           ITRF2008
WTZS      4075534.589   931820.102  4801609.898 begin      end        G           network  12.8786   49.1448   663.4000
WTZZ      4075579.427   931853.110  4801569.037 begin      end        G           ITRF2008
WUH2     -2267751.620  5009150.322  3221295.168 begin      end        G           network 114.3573   30.5317    25.8000
WUHN     -2267749.426  5009154.287  3221290.704 begin      end        G           ITRF2008
XMIS     -1696344.119  6039590.030 -1149275.899 begin      end        G           ITRF2008
YAKT     -1914999.069  2308241.487  5610225.560 begin      end        G           ITRF2008
YAR2     -2389026.912  5043313.769 -3078534.699 begin      end        G           network 115.3470  -29.0466   241.2906
YAR3     -2389038.536  5043315.556 -3078525.681 begin      end        G           network 115.3471  -29.0465   242.6741
YARR     -2389024.869  5043315.409 -3078533.736 begin      end        G           ITRF2008
YEBE      4848724.704  -261632.206  4123094.153 begin      end        G           ITRF2008
YEL2     -1224440.672 -2689177.548  5633659.270 begin      end        G           network 245.5192   62.4813   181.0080
YELL     -1224452.662 -2689216.138  5633638.278 begin      end        G           ITRF2008
YIBL      3294552.749  4905092.433  2393579.690 begin      end        G           ITRF2008
YKRO      6306439.122  -578381.492   757960.816 begin      end        G           network 354.7599    6.8706   270.0000
YONS     -3047504.496  4043984.151  3865241.047 begin      end        G           network 127.0013   37.5411    96.8490
YSSK     -3465320.953  2638269.371  4644085.416 begin      end        G           ITRF2008
ZAMB      5415353.028  2917209.900 -1685888.868 begin      end        G           ITRF2008
ZECK      3451174.706  3060335.433  4391955.649 begin      end        G           ITRF2008
ZIM2      4331299.658   567534.935  4633134.156 begin      end        G           network   7.4650   46.8771   956.4000
ZIM3      4331299.658   567534.935  4633134.156 begin      end        G           network   7.4650   46.8771   956.4000
ZIMM      4331297.062   567555.882  4633133.935 begin      end        G           ITRF2008
