CDDIS  2021.03.25_15:43:22.832  swin          /l1a/tar/20200310_v20070_v001_swin.tar.bz2     462582157 
CDDIS  2021.03.25_16:27:33.264  swin          /l1a/tar/20200227_v20058_v001_swin.tar.bz2     687232747 
CDDIS  2021.03.25_16:39:38.839  swin          /l1a/tar/20171203_b17337_v001_swin.tar.bz2   35197638187 
CDDIS  2021.03.29_15:24:03.469  swin          /l1a/tar/20200310_v20070_v001_swin.tar.bz2     462582157 
CDDIS  2021.03.29_16:02:12.202  swin          /l1a/tar/20171203_b17337_v001_swin.tar.bz2   35197638187 
CDDIS  2021.03.29_17:56:32.302  swin          /l1a/tar/20200624_rd2005_v001_swin.tar.bz2  182793206363 
CDDIS  2021.03.29_20:23:00.698  swin          /l1a/tar/20171204_b17338_v001_swin.tar.bz2   35531189902 
CDDIS  2021.03.29_20:26:42.015  swin          /l1a/tar/20171205_b17339_v001_swin.tar.bz2   36196578119 
CDDIS  2021.03.29_21:16:42.598  swin          /l1a/tar/20200121_vo0021_v001_swin.tar.bz2   49055815576 
CDDIS  2021.03.29_21:41:40.634  swin          /l1a/tar/20200220_vo0051_v001_swin.tar.bz2   87921568299 
CDDIS  2021.03.29_22:20:34.562  swin          /l1a/tar/20171206_b17340_v001_swin.tar.bz2   32249391456 
CDDIS  2021.03.29_22:25:17.138  swin          /l1a/tar/20171207_b17341_v001_swin.tar.bz2   37193479139 
CDDIS  2021.03.30_11:20:34.080  swin          /l1a/tar/20200618_v20170_v001_swin.tar.bz2    2190727655 
CDDIS  2021.03.30_12:26:01.593  swin          /l1a/tar/20200302_vo0062_v001_swin.tar.bz2   80118711860 
CDDIS  2021.03.30_13:57:34.724  swin          /l1a/tar/20190916_vt9259_v001_swin.tar.bz2   74334263307 
CDDIS  2021.03.30_14:42:24.039  swin          /l1a/tar/20200227_v20058_v001_swin.tar.bz2     687232699 
CDDIS  2021.03.30_15:04:00.059  swin          /l1a/tar/20200407_v20098_v001_swin.tar.bz2     515578129 
CDDIS  2021.03.30_15:04:23.129  swin          /l1a/tar/20200421_v20112_v001_swin.tar.bz2     434719126 
CDDIS  2021.03.30_15:05:03.111  swin          /l1a/tar/20200310_v20070_v001_swin.tar.bz2     462621730 
CDDIS  2021.03.30_15:05:05.506  swin          /l1a/tar/20200602_v20154_v001_swin.tar.bz2     944510224 
CDDIS  2021.03.30_15:05:58.755  swin          /l1a/tar/20200310_v20070_v001_swin.tar.bz2     462621728 
CDDIS  2021.03.31_10:23:55.154  fslog         vt8039k2.log 
CDDIS  2021.03.31_10:38:04.550  fslog         vt8039k2.log 
CDDIS  2021.03.31_12:50:01.103  session_aux_log  /tmp/vt8039k2.log 
CDDIS  2021.03.31_14:46:07.258  session_aux_log  /s0/temp/vt8039k2.log.bz2 
CDDIS  2021.03.31_15:07:08.967  session_aux_log  /s0/temp/vt8039k2.log.bz2       7449706
CDDIS  2021.03.31_15:14:31.097  session_aux_fullog  /s0/temp/vt8039k2_full.log.bz2      63740827
CDDIS  2021.03.31_15:43:21.952  swin          /l1a/tar/20210107_vo1007_v001_swin.tar.bz2  361357801264 
CDDIS  2021.03.31_16:16:11.283  swin          /l1a/tar/20200602_v20154_v001_swin.tar.bz2     944510368 
CDDIS  2021.03.31_23:27:15.013  swin          /l1a/tar/20200407_v20098_v001_swin.tar.bz2     515578157 
CDDIS  2021.04.01_02:21:51.585  swin          /l1a/tar/20210107_vo1007_v001_swin.tar.bz2  179901212337 
CDDIS  2021.04.01_09:06:32.595  swin          /l1a/tar/20210107_vo1007_v001_swin.tar.bz2  179901212499 
CDDIS  2021.04.20_20:15:55.869  data_swin     /l1a/tar/20200407_v20098_v001_swin.tar.bz2     515578167 
CDDIS  2021.05.10_21:55:55.780  data_swin     /l1a/tar/20200421_v20112_v001_swin.tar.bz2     434719102 
CDDIS  2021.05.10_22:12:30.047  data_swin     /l1a/tar/20200421_v20112_v001_swin.tar.bz2     434719105 
CDDIS  2021.05.12_07:26:26.240  data_swin     /s0/temp/20200421_v20112_v001_swin.tar.bz2     434719103 
